INFO  2022-07-27 16:27:02,027 minitest.py _miniSetUp      241 =========Current case: test_01_add_order=========
INFO  2022-07-27 16:27:02,030 minitest.py _miniSetUp      242 package info: E:.PycharmProjects.hj_xcx.case.test_order, case info: TestOrder.test_01_add_order
INFO  2022-07-27 16:27:02,032 basenative.py wrapper         22  call BaseNative.back_to_miniprogram
INFO  2022-07-27 16:27:02,034 basenative.py back_to_miniprogram 476 try back_to_miniprogram 3
INFO  2022-07-27 16:27:02,036 basenative.py wrapper         26  call BaseNative.back_to_miniprogram end
INFO  2022-07-27 16:27:02,038 app.py     relaunch        297 ReLaunch: /pages/loadPage/index
WARNI 2022-07-27 16:27:07,094 app.py     relaunch        300 ReLaunch(/pages/loadPage/index) but(/pages/home/index)
INFO  2022-07-27 16:27:07,097 minitest.py capture         523 capture setup.png
INFO  2022-07-27 16:27:07,099 basenative.py wrapper         22  call IdeNative.screen_shot
INFO  2022-07-27 16:27:37,324 app.py     _on_route_changed 443 Route changed, {'name': 'onAppRouteDone', 'args': [{'webviewId': 6, 'path': 'pages/home/index', 'query': {}, 'openType': 'reLaunch'}, 1658910457276]}
INFO  2022-07-27 16:27:37,513 basenative.py wrapper         26  call IdeNative.screen_shot end
INFO  2022-07-27 16:27:42,549 page.py    _get_elements_by_css 467 try to get elements: .van-icon-user-circle-o
INFO  2022-07-27 16:27:43,571 page.py    _get_elements_by_css 474 find elements success: [<minium.miniprogram.base_driver.element.BaseElement object at 0x000002345DD9DD80>]
INFO  2022-07-27 16:27:43,574 page.py    _get_elements_by_css 467 try to get elements: .van-icon-user-circle-o
INFO  2022-07-27 16:27:44,601 page.py    _get_elements_by_css 474 find elements success: [<minium.miniprogram.base_driver.element.BaseElement object at 0x000002345DD9D7E0>]
INFO  2022-07-27 16:27:44,604 page.py    _get_elements_by_css 467 try to get elements: .van-icon-user-circle-o
INFO  2022-07-27 16:27:45,629 page.py    _get_elements_by_css 474 find elements success: [<minium.miniprogram.base_driver.element.BaseElement object at 0x000002345DD9DCF0>]
INFO  2022-07-27 16:27:46,123 app.py     _on_route_changed 443 Route changed, {'name': 'onAppRouteDone', 'args': [{'webviewId': 7, 'path': 'pages/personal/index', 'query': {}, 'openType': 'reLaunch'}, 1658910466099]}
INFO  2022-07-27 16:27:46,704 page.py    _get_elements_by_css 467 try to get elements: .gridText
INFO  2022-07-27 16:27:47,718 page.py    _get_elements_by_css 474 find elements success: [<minium.miniprogram.base_driver.element.BaseElement object at 0x000002345DD9D570>, <minium.miniprogram.base_driver.element.BaseElement object at 0x000002345DD9C9D0>, <minium.miniprogram.base_driver.element.BaseElement object at 0x000002345DD9D480>, <minium.miniprogram.base_driver.element.BaseElement object at 0x000002345DD9DC90>, <minium.miniprogram.base_driver.element.BaseElement object at 0x000002345DD9DED0>, <minium.miniprogram.base_driver.element.BaseElement object at 0x000002345DD9C850>, <minium.miniprogram.base_driver.element.BaseElement object at 0x000002345DD9DD20>, <minium.miniprogram.base_driver.element.BaseElement object at 0x000002345DD9D510>]
INFO  2022-07-27 16:27:47,720 page.py    _get_elements_by_css 467 try to get elements: .gridText
INFO  2022-07-27 16:27:48,729 page.py    _get_elements_by_css 474 find elements success: [<minium.miniprogram.base_driver.element.BaseElement object at 0x000002345DD9D870>, <minium.miniprogram.base_driver.element.BaseElement object at 0x000002345DD9C940>, <minium.miniprogram.base_driver.element.BaseElement object at 0x000002345DD9DB10>, <minium.miniprogram.base_driver.element.BaseElement object at 0x000002345DD9D8D0>, <minium.miniprogram.base_driver.element.BaseElement object at 0x000002345DD9D600>, <minium.miniprogram.base_driver.element.BaseElement object at 0x000002345DD9C880>, <minium.miniprogram.base_driver.element.BaseElement object at 0x000002345DD9DBA0>, <minium.miniprogram.base_driver.element.BaseElement object at 0x000002345DD9DC00>]
INFO  2022-07-27 16:27:48,730 page.py    _get_elements_by_css 467 try to get elements: .gridText
INFO  2022-07-27 16:27:49,743 page.py    _get_elements_by_css 474 find elements success: [<minium.miniprogram.base_driver.element.BaseElement object at 0x000002345DD9DC90>, <minium.miniprogram.base_driver.element.BaseElement object at 0x000002345DD9DB40>, <minium.miniprogram.base_driver.element.BaseElement object at 0x000002345DD9C8E0>, <minium.miniprogram.base_driver.element.BaseElement object at 0x000002345DD9C760>, <minium.miniprogram.base_driver.element.BaseElement object at 0x000002345DD9DF00>, <minium.miniprogram.base_driver.element.BaseElement object at 0x000002345DD9E140>, <minium.miniprogram.base_driver.element.BaseElement object at 0x000002345DD9DFC0>, <minium.miniprogram.base_driver.element.BaseElement object at 0x000002345DD9D900>]
INFO  2022-07-27 16:27:51,115 app.py     _on_route_changed 443 Route changed, {'name': 'onAppRouteDone', 'args': [{'webviewId': 9, 'path': 'pages/makeAnAppointment/index', 'query': {}, 'openType': 'navigateTo'}, 1658910471087]}
INFO  2022-07-27 16:27:51,860 page.py    _get_elements_by_css 467 try to get elements: .van-button--normal
INFO  2022-07-27 16:27:52,883 page.py    _get_elements_by_css 474 find elements success: [<minium.miniprogram.base_driver.element.BaseElement object at 0x000002345DD9DEA0>]
INFO  2022-07-27 16:27:52,885 page.py    _get_elements_by_css 467 try to get elements: .van-button--normal
INFO  2022-07-27 16:27:53,913 page.py    _get_elements_by_css 474 find elements success: [<minium.miniprogram.base_driver.element.BaseElement object at 0x000002345DD9E1A0>]
INFO  2022-07-27 16:27:53,914 page.py    _get_elements_by_css 467 try to get elements: .van-button--normal
INFO  2022-07-27 16:27:54,932 page.py    _get_elements_by_css 474 find elements success: [<minium.miniprogram.base_driver.element.BaseElement object at 0x000002345DD9DE40>]
INFO  2022-07-27 16:27:55,366 app.py     _on_route_changed 443 Route changed, {'name': 'onAppRouteDone', 'args': [{'webviewId': 10, 'path': 'pages/submitAppointment/index', 'query': {}, 'openType': 'navigateTo'}, 1658910475342]}
INFO  2022-07-27 16:27:56,015 page.py    _get_elements_by_css 467 try to get elements: .van-field__label
INFO  2022-07-27 16:27:57,055 page.py    _get_elements_by_css 474 find elements success: [<minium.miniprogram.base_driver.element.BaseElement object at 0x000002345DD9E140>, <minium.miniprogram.base_driver.element.BaseElement object at 0x000002345DD9E020>, <minium.miniprogram.base_driver.element.BaseElement object at 0x000002345DD9DCC0>, <minium.miniprogram.base_driver.element.BaseElement object at 0x000002345DD9D840>, <minium.miniprogram.base_driver.element.BaseElement object at 0x000002345DD9D990>]
INFO  2022-07-27 16:27:57,058 page.py    _get_elements_by_css 467 try to get elements: .van-field__label
INFO  2022-07-27 16:27:58,077 page.py    _get_elements_by_css 474 find elements success: [<minium.miniprogram.base_driver.element.BaseElement object at 0x000002345DD9D900>, <minium.miniprogram.base_driver.element.BaseElement object at 0x000002345DD9DF90>, <minium.miniprogram.base_driver.element.BaseElement object at 0x000002345DD9DBA0>, <minium.miniprogram.base_driver.element.BaseElement object at 0x000002345DD9C9A0>, <minium.miniprogram.base_driver.element.BaseElement object at 0x000002345DD9D600>]
INFO  2022-07-27 16:27:58,079 page.py    _get_elements_by_css 467 try to get elements: .van-field__label
INFO  2022-07-27 16:27:59,098 page.py    _get_elements_by_css 474 find elements success: [<minium.miniprogram.base_driver.element.BaseElement object at 0x000002345DD9D870>, <minium.miniprogram.base_driver.element.BaseElement object at 0x000002345DD9DCF0>, <minium.miniprogram.base_driver.element.BaseElement object at 0x000002345DD9CBB0>, <minium.miniprogram.base_driver.element.BaseElement object at 0x000002345DD9DDB0>, <minium.miniprogram.base_driver.element.BaseElement object at 0x000002345DD9E170>]
INFO  2022-07-27 16:28:00,487 app.py     _on_route_changed 443 Route changed, {'name': 'onAppRouteDone', 'args': [{'webviewId': 11, 'path': 'pages/product/index', 'query': {}, 'openType': 'navigateTo'}, 1658910480463]}
INFO  2022-07-27 16:28:01,203 page.py    _get_elements_by_css 467 try to get elements: .list
INFO  2022-07-27 16:28:02,218 page.py    _get_elements_by_css 474 find elements success: [<minium.miniprogram.base_driver.element.BaseElement object at 0x000002345DD9DDE0>, <minium.miniprogram.base_driver.element.BaseElement object at 0x000002345DD9D990>]
INFO  2022-07-27 16:28:02,221 page.py    _get_elements_by_css 467 try to get elements: .list
INFO  2022-07-27 16:28:03,247 page.py    _get_elements_by_css 474 find elements success: [<minium.miniprogram.base_driver.element.BaseElement object at 0x000002345DD9DB70>, <minium.miniprogram.base_driver.element.BaseElement object at 0x000002345DD9DF30>]
INFO  2022-07-27 16:28:03,248 page.py    _get_elements_by_css 467 try to get elements: .list
INFO  2022-07-27 16:28:04,263 page.py    _get_elements_by_css 474 find elements success: [<minium.miniprogram.base_driver.element.BaseElement object at 0x000002345DD9D5A0>, <minium.miniprogram.base_driver.element.BaseElement object at 0x000002345DD9C250>]
INFO  2022-07-27 16:28:05,562 app.py     _on_route_changed 443 Route changed, {'name': 'onAppRouteDone', 'args': [{'webviewId': 10, 'path': 'pages/submitAppointment/index', 'query': {}, 'openType': 'navigateBack'}, 1658910485552]}
INFO  2022-07-27 16:28:06,359 page.py    _get_elements_by_css 467 try to get elements: .van-field__control
INFO  2022-07-27 16:28:07,401 page.py    _get_elements_by_css 474 find elements success: [<minium.miniprogram.base_driver.element.BaseElement object at 0x000002345DD9DCF0>, <minium.miniprogram.base_driver.element.FormElement object at 0x000002345DD9DB10>, <minium.miniprogram.base_driver.element.BaseElement object at 0x000002345DD9DB70>, <minium.miniprogram.base_driver.element.FormElement object at 0x000002345DD9D7E0>, <minium.miniprogram.base_driver.element.BaseElement object at 0x000002345DD9CA90>, <minium.miniprogram.base_driver.element.FormElement object at 0x000002345DD9E020>, <minium.miniprogram.base_driver.element.BaseElement object at 0x000002345DD9C850>, <minium.miniprogram.base_driver.element.FormElement object at 0x000002345DD9C130>, <minium.miniprogram.base_driver.element.BaseElement object at 0x000002345DD9DD20>, <minium.miniprogram.base_driver.element.FormElement object at 0x000002345DD9DD50>]
INFO  2022-07-27 16:28:07,441 basenative.py wrapper         22  call BaseNative.get_start_up
INFO  2022-07-27 16:28:07,442 basenative.py wrapper         26  call BaseNative.get_start_up end
INFO  2022-07-27 16:28:07,444 minitest.py capture         523 capture teardown.png
INFO  2022-07-27 16:28:07,445 basenative.py wrapper         22  call IdeNative.screen_shot
INFO  2022-07-27 16:28:07,503 basenative.py wrapper         26  call IdeNative.screen_shot end
ERROR 2022-07-27 16:28:07,510 assertbase.py _teardown_collect 271 <bound method TestOrder.test_01_add_order of <case.test_order.TestOrder testMethod=test_01_add_order>>
Traceback (most recent call last):
  File "E:\PycharmProjects\hj_xcx\base\basepage.py", line 56, in input
    self.locator(loc,inner_text=inner_text).trigger("input", {"value": value})
  File "E:\PycharmProjects\hj_xcx\base\basepage.py", line 45, in locator
    return self.page.get_element(loc,inner_text=inner_text)
  File "e:\software\python\lib\site-packages\minium\miniprogram\base_driver\minium_log.py", line 135, in wrapper
    result = func(*args, **kwargs)
  File "e:\software\python\lib\site-packages\minium\miniprogram\base_driver\page.py", line 198, in get_element
    if (selector and selector.startswith("/")) or xpath:
  File "e:\software\python\lib\site-packages\minium\miniprogram\base_driver\element.py", line 77, in __getattribute__
    return super(BaseElement, self).__getattribute__(item)
AttributeError: 'FormElement' object has no attribute 'startswith'

During handling of the above exception, another exception occurred:

Traceback (most recent call last):
  File "e:\software\python\lib\site-packages\minium\framework\libs\unittest\case.py", line 29, in testPartExecutor
    yield
  File "e:\software\python\lib\site-packages\minium\framework\libs\unittest\case.py", line 110, in run
    self._callTestMethod(testMethod)
  File "e:\software\python\lib\unittest\case.py", line 549, in _callTestMethod
    method()
  File "E:\PycharmProjects\hj_xcx\case\test_order.py", line 42, in test_01_add_order
    OrderPage(self.page).input_phone()
  File "E:\PycharmProjects\hj_xcx\page\order_page.py", line 78, in input_phone
    self.input(self.locator_appoint_ele(self.input_phone_loc,3),19357665827)
  File "E:\PycharmProjects\hj_xcx\base\basepage.py", line 58, in input
    self.locator_appoint_ele(loc,n).trigger("input", {"value": value})
  File "E:\PycharmProjects\hj_xcx\base\basepage.py", line 49, in locator_appoint_ele
    eles=self.page.get_elements(loc)
  File "e:\software\python\lib\site-packages\minium\miniprogram\base_driver\minium_log.py", line 135, in wrapper
    result = func(*args, **kwargs)
  File "e:\software\python\lib\site-packages\minium\miniprogram\base_driver\page.py", line 290, in get_elements
    if selector and selector.startswith("/"):
  File "e:\software\python\lib\site-packages\minium\miniprogram\base_driver\element.py", line 77, in __getattribute__
    return super(BaseElement, self).__getattribute__(item)
AttributeError: 'FormElement' object has no attribute 'startswith'
