INFO  2022-07-27 19:01:01,445 minitest.py _miniSetUp      241 =========Current case: test_01_add_order=========
INFO  2022-07-27 19:01:01,447 minitest.py _miniSetUp      242 package info: E:.PycharmProjects.hj_xcx.case.test_order, case info: TestOrder.test_01_add_order
INFO  2022-07-27 19:01:01,449 basenative.py wrapper         22  call BaseNative.back_to_miniprogram
INFO  2022-07-27 19:01:01,451 basenative.py back_to_miniprogram 476 try back_to_miniprogram 3
INFO  2022-07-27 19:01:01,453 basenative.py wrapper         26  call BaseNative.back_to_miniprogram end
INFO  2022-07-27 19:01:01,455 app.py     relaunch        297 ReLaunch: /pages/loadPage/index
WARNI 2022-07-27 19:01:06,504 app.py     relaunch        300 ReLaunch(/pages/loadPage/index) but(/pages/home/index)
INFO  2022-07-27 19:01:06,505 minitest.py capture         523 capture setup.png
INFO  2022-07-27 19:01:06,506 basenative.py wrapper         22  call IdeNative.screen_shot
INFO  2022-07-27 19:01:49,981 app.py     _on_route_changed 443 Route changed, {'name': 'onAppRouteDone', 'args': [{'webviewId': 6, 'path': 'pages/home/index', 'query': {}, 'openType': 'reLaunch'}, 1658919709843]}
INFO  2022-07-27 19:01:50,511 basenative.py wrapper         26  call IdeNative.screen_shot end
INFO  2022-07-27 19:01:55,538 page.py    _get_elements_by_css 467 try to get elements: .van-icon-user-circle-o
INFO  2022-07-27 19:01:56,560 page.py    _get_elements_by_css 474 find elements success: [<minium.miniprogram.base_driver.element.BaseElement object at 0x0000023BABEB9DE0>]
INFO  2022-07-27 19:01:56,563 page.py    _get_elements_by_css 467 try to get elements: .van-icon-user-circle-o
INFO  2022-07-27 19:01:57,591 page.py    _get_elements_by_css 474 find elements success: [<minium.miniprogram.base_driver.element.BaseElement object at 0x0000023BABEB9990>]
INFO  2022-07-27 19:01:57,594 page.py    _get_elements_by_css 467 try to get elements: .van-icon-user-circle-o
INFO  2022-07-27 19:01:58,620 page.py    _get_elements_by_css 474 find elements success: [<minium.miniprogram.base_driver.element.BaseElement object at 0x0000023BABEB9D50>]
INFO  2022-07-27 19:01:59,091 app.py     _on_route_changed 443 Route changed, {'name': 'onAppRouteDone', 'args': [{'webviewId': 7, 'path': 'pages/personal/index', 'query': {}, 'openType': 'reLaunch'}, 1658919719067]}
INFO  2022-07-27 19:01:59,721 page.py    _get_elements_by_css 467 try to get elements: .gridText
INFO  2022-07-27 19:02:00,741 page.py    _get_elements_by_css 474 find elements success: [<minium.miniprogram.base_driver.element.BaseElement object at 0x0000023BABEB8BE0>, <minium.miniprogram.base_driver.element.BaseElement object at 0x0000023BABEB8760>, <minium.miniprogram.base_driver.element.BaseElement object at 0x0000023BABEB9C00>, <minium.miniprogram.base_driver.element.BaseElement object at 0x0000023BABEB9EA0>, <minium.miniprogram.base_driver.element.BaseElement object at 0x0000023BABEB8670>, <minium.miniprogram.base_driver.element.BaseElement object at 0x0000023BABEB9F00>, <minium.miniprogram.base_driver.element.BaseElement object at 0x0000023BABEB9D80>, <minium.miniprogram.base_driver.element.BaseElement object at 0x0000023BABEB9AB0>]
INFO  2022-07-27 19:02:00,742 page.py    _get_elements_by_css 467 try to get elements: .gridText
INFO  2022-07-27 19:02:01,753 page.py    _get_elements_by_css 474 find elements success: [<minium.miniprogram.base_driver.element.BaseElement object at 0x0000023BABEB9CC0>, <minium.miniprogram.base_driver.element.BaseElement object at 0x0000023BABEB9C60>, <minium.miniprogram.base_driver.element.BaseElement object at 0x0000023BABEB9900>, <minium.miniprogram.base_driver.element.BaseElement object at 0x0000023BABEB88E0>, <minium.miniprogram.base_driver.element.BaseElement object at 0x0000023BABEB86A0>, <minium.miniprogram.base_driver.element.BaseElement object at 0x0000023BABEB8340>, <minium.miniprogram.base_driver.element.BaseElement object at 0x0000023BABEB9BD0>, <minium.miniprogram.base_driver.element.BaseElement object at 0x0000023BABEB8430>]
INFO  2022-07-27 19:02:01,755 page.py    _get_elements_by_css 467 try to get elements: .gridText
INFO  2022-07-27 19:02:02,767 page.py    _get_elements_by_css 474 find elements success: [<minium.miniprogram.base_driver.element.BaseElement object at 0x0000023BABEB9EA0>, <minium.miniprogram.base_driver.element.BaseElement object at 0x0000023BABEB8B20>, <minium.miniprogram.base_driver.element.BaseElement object at 0x0000023BABEB95A0>, <minium.miniprogram.base_driver.element.BaseElement object at 0x0000023BABEB8910>, <minium.miniprogram.base_driver.element.BaseElement object at 0x0000023BABEB9F30>, <minium.miniprogram.base_driver.element.BaseElement object at 0x0000023BABEB9FF0>, <minium.miniprogram.base_driver.element.BaseElement object at 0x0000023BABEBA170>, <minium.miniprogram.base_driver.element.BaseElement object at 0x0000023BABEB8220>]
INFO  2022-07-27 19:02:04,160 app.py     _on_route_changed 443 Route changed, {'name': 'onAppRouteDone', 'args': [{'webviewId': 9, 'path': 'pages/makeAnAppointment/index', 'query': {}, 'openType': 'navigateTo'}, 1658919724137]}
INFO  2022-07-27 19:02:04,894 page.py    _get_elements_by_css 467 try to get elements: .van-button--normal
INFO  2022-07-27 19:02:05,919 page.py    _get_elements_by_css 474 find elements success: [<minium.miniprogram.base_driver.element.BaseElement object at 0x0000023BABEB99F0>]
INFO  2022-07-27 19:02:05,922 page.py    _get_elements_by_css 467 try to get elements: .van-button--normal
INFO  2022-07-27 19:02:06,949 page.py    _get_elements_by_css 474 find elements success: [<minium.miniprogram.base_driver.element.BaseElement object at 0x0000023BABEB8940>]
INFO  2022-07-27 19:02:06,950 page.py    _get_elements_by_css 467 try to get elements: .van-button--normal
INFO  2022-07-27 19:02:07,976 page.py    _get_elements_by_css 474 find elements success: [<minium.miniprogram.base_driver.element.BaseElement object at 0x0000023BABEB9E70>]
INFO  2022-07-27 19:02:08,319 app.py     _on_route_changed 443 Route changed, {'name': 'onAppRouteDone', 'args': [{'webviewId': 10, 'path': 'pages/submitAppointment/index', 'query': {}, 'openType': 'navigateTo'}, 1658919728294]}
INFO  2022-07-27 19:02:09,059 page.py    _get_elements_by_css 467 try to get elements: .van-field__label
INFO  2022-07-27 19:02:10,083 page.py    _get_elements_by_css 474 find elements success: [<minium.miniprogram.base_driver.element.BaseElement object at 0x0000023BABEB8AC0>, <minium.miniprogram.base_driver.element.BaseElement object at 0x0000023BABEBA050>, <minium.miniprogram.base_driver.element.BaseElement object at 0x0000023BABEB9ED0>, <minium.miniprogram.base_driver.element.BaseElement object at 0x0000023BABEBA020>, <minium.miniprogram.base_driver.element.BaseElement object at 0x0000023BABEB9810>]
INFO  2022-07-27 19:02:10,087 page.py    _get_elements_by_css 467 try to get elements: .van-field__label
INFO  2022-07-27 19:02:11,114 page.py    _get_elements_by_css 474 find elements success: [<minium.miniprogram.base_driver.element.BaseElement object at 0x0000023BABEB8220>, <minium.miniprogram.base_driver.element.BaseElement object at 0x0000023BABEB8BB0>, <minium.miniprogram.base_driver.element.BaseElement object at 0x0000023BABEB9CC0>, <minium.miniprogram.base_driver.element.BaseElement object at 0x0000023BABEB95A0>, <minium.miniprogram.base_driver.element.BaseElement object at 0x0000023BABEB9C00>]
INFO  2022-07-27 19:02:11,116 page.py    _get_elements_by_css 467 try to get elements: .van-field__label
INFO  2022-07-27 19:02:12,139 page.py    _get_elements_by_css 474 find elements success: [<minium.miniprogram.base_driver.element.BaseElement object at 0x0000023BABEB86A0>, <minium.miniprogram.base_driver.element.BaseElement object at 0x0000023BABEB9900>, <minium.miniprogram.base_driver.element.BaseElement object at 0x0000023BABEB9D50>, <minium.miniprogram.base_driver.element.BaseElement object at 0x0000023BABEB9FC0>, <minium.miniprogram.base_driver.element.BaseElement object at 0x0000023BABEB89A0>]
INFO  2022-07-27 19:02:13,489 app.py     _on_route_changed 443 Route changed, {'name': 'onAppRouteDone', 'args': [{'webviewId': 11, 'path': 'pages/product/index', 'query': {}, 'openType': 'navigateTo'}, 1658919733464]}
INFO  2022-07-27 19:02:14,218 page.py    _get_elements_by_css 467 try to get elements: .list
INFO  2022-07-27 19:02:15,231 page.py    _get_elements_by_css 474 find elements success: [<minium.miniprogram.base_driver.element.BaseElement object at 0x0000023BABEB8760>, <minium.miniprogram.base_driver.element.BaseElement object at 0x0000023BABEB9810>]
INFO  2022-07-27 19:02:15,232 page.py    _get_elements_by_css 467 try to get elements: .list
INFO  2022-07-27 19:02:16,244 page.py    _get_elements_by_css 474 find elements success: [<minium.miniprogram.base_driver.element.BaseElement object at 0x0000023BABEB8190>, <minium.miniprogram.base_driver.element.BaseElement object at 0x0000023BABEB9A80>]
INFO  2022-07-27 19:02:16,246 page.py    _get_elements_by_css 467 try to get elements: .list
INFO  2022-07-27 19:02:17,258 page.py    _get_elements_by_css 474 find elements success: [<minium.miniprogram.base_driver.element.BaseElement object at 0x0000023BABEB9F60>, <minium.miniprogram.base_driver.element.BaseElement object at 0x0000023BABEB9F30>]
INFO  2022-07-27 19:02:18,544 app.py     _on_route_changed 443 Route changed, {'name': 'onAppRouteDone', 'args': [{'webviewId': 10, 'path': 'pages/submitAppointment/index', 'query': {}, 'openType': 'navigateBack'}, 1658919738521]}
INFO  2022-07-27 19:02:19,342 page.py    _get_elements_by_css 467 try to get elements: .van-field__control
INFO  2022-07-27 19:02:20,364 page.py    _get_elements_by_css 474 find elements success: [<minium.miniprogram.base_driver.element.BaseElement object at 0x0000023BABEB8A30>, <minium.miniprogram.base_driver.element.FormElement object at 0x0000023BABEB9690>, <minium.miniprogram.base_driver.element.BaseElement object at 0x0000023BABEB9CF0>, <minium.miniprogram.base_driver.element.FormElement object at 0x0000023BABEB9F00>, <minium.miniprogram.base_driver.element.BaseElement object at 0x0000023BABEB9A50>, <minium.miniprogram.base_driver.element.FormElement object at 0x0000023BABEB93C0>, <minium.miniprogram.base_driver.element.BaseElement object at 0x0000023BABEB9C00>, <minium.miniprogram.base_driver.element.FormElement object at 0x0000023BABEB9EA0>, <minium.miniprogram.base_driver.element.BaseElement object at 0x0000023BABEB88E0>, <minium.miniprogram.base_driver.element.FormElement object at 0x0000023BABEB9A20>]
INFO  2022-07-27 19:02:20,366 page.py    _get_elements_by_css 467 try to get elements: .van-field__control
INFO  2022-07-27 19:02:21,378 page.py    _get_elements_by_css 474 find elements success: [<minium.miniprogram.base_driver.element.BaseElement object at 0x0000023BABEB95D0>, <minium.miniprogram.base_driver.element.FormElement object at 0x0000023BABEBA050>, <minium.miniprogram.base_driver.element.BaseElement object at 0x0000023BABEB9A80>, <minium.miniprogram.base_driver.element.FormElement object at 0x0000023BABEB8B50>, <minium.miniprogram.base_driver.element.BaseElement object at 0x0000023BABEBA0E0>, <minium.miniprogram.base_driver.element.FormElement object at 0x0000023BABEBA020>, <minium.miniprogram.base_driver.element.BaseElement object at 0x0000023BABEB95A0>, <minium.miniprogram.base_driver.element.FormElement object at 0x0000023BABEB86A0>, <minium.miniprogram.base_driver.element.BaseElement object at 0x0000023BABEB8C40>, <minium.miniprogram.base_driver.element.FormElement object at 0x0000023BABEB99F0>]
INFO  2022-07-27 19:02:21,382 page.py    _get_elements_by_css 467 try to get elements: .van-field__control
INFO  2022-07-27 19:02:22,400 page.py    _get_elements_by_css 474 find elements success: [<minium.miniprogram.base_driver.element.BaseElement object at 0x0000023BABEB9EA0>, <minium.miniprogram.base_driver.element.FormElement object at 0x0000023BABEB8BE0>, <minium.miniprogram.base_driver.element.BaseElement object at 0x0000023BABEB9BA0>, <minium.miniprogram.base_driver.element.FormElement object at 0x0000023BABEB8BB0>, <minium.miniprogram.base_driver.element.BaseElement object at 0x0000023BABEB9570>, <minium.miniprogram.base_driver.element.FormElement object at 0x0000023BABEB9DE0>, <minium.miniprogram.base_driver.element.BaseElement object at 0x0000023BABEB9E70>, <minium.miniprogram.base_driver.element.FormElement object at 0x0000023BABEB8880>, <minium.miniprogram.base_driver.element.BaseElement object at 0x0000023BABEBA260>, <minium.miniprogram.base_driver.element.FormElement object at 0x0000023BABEB87F0>]
INFO  2022-07-27 19:02:22,418 page.py    _get_elements_by_css 467 try to get elements: .van-field__control
INFO  2022-07-27 19:02:23,443 page.py    _get_elements_by_css 474 find elements success: [<minium.miniprogram.base_driver.element.BaseElement object at 0x0000023BABEB9A50>, <minium.miniprogram.base_driver.element.FormElement object at 0x0000023BABEB9C00>, <minium.miniprogram.base_driver.element.BaseElement object at 0x0000023BABEB9810>, <minium.miniprogram.base_driver.element.FormElement object at 0x0000023BABEB89A0>, <minium.miniprogram.base_driver.element.BaseElement object at 0x0000023BABEB9F00>, <minium.miniprogram.base_driver.element.FormElement object at 0x0000023BABEB8760>, <minium.miniprogram.base_driver.element.BaseElement object at 0x0000023BABEB9D80>, <minium.miniprogram.base_driver.element.FormElement object at 0x0000023BABEB8670>, <minium.miniprogram.base_driver.element.BaseElement object at 0x0000023BABEBA290>, <minium.miniprogram.base_driver.element.FormElement object at 0x0000023BABEB9B40>]
INFO  2022-07-27 19:02:23,445 page.py    _get_elements_by_css 467 try to get elements: .van-field__control
INFO  2022-07-27 19:02:24,461 page.py    _get_elements_by_css 474 find elements success: [<minium.miniprogram.base_driver.element.BaseElement object at 0x0000023BABEB9930>, <minium.miniprogram.base_driver.element.FormElement object at 0x0000023BABEB93C0>, <minium.miniprogram.base_driver.element.BaseElement object at 0x0000023BABEB9900>, <minium.miniprogram.base_driver.element.FormElement object at 0x0000023BABEB8A30>, <minium.miniprogram.base_driver.element.BaseElement object at 0x0000023BABEB87F0>, <minium.miniprogram.base_driver.element.FormElement object at 0x0000023BABEB8940>, <minium.miniprogram.base_driver.element.BaseElement object at 0x0000023BABEB9F30>, <minium.miniprogram.base_driver.element.FormElement object at 0x0000023BABEB9C60>, <minium.miniprogram.base_driver.element.BaseElement object at 0x0000023BABEB9F60>, <minium.miniprogram.base_driver.element.FormElement object at 0x0000023BABEB8340>]
INFO  2022-07-27 19:02:24,463 page.py    _get_elements_by_css 467 try to get elements: .van-field__control
INFO  2022-07-27 19:02:25,473 page.py    _get_elements_by_css 474 find elements success: [<minium.miniprogram.base_driver.element.BaseElement object at 0x0000023BABEB8670>, <minium.miniprogram.base_driver.element.FormElement object at 0x0000023BABEB8C10>, <minium.miniprogram.base_driver.element.BaseElement object at 0x0000023BABEB9BD0>, <minium.miniprogram.base_driver.element.FormElement object at 0x0000023BABEBA1D0>, <minium.miniprogram.base_driver.element.BaseElement object at 0x0000023BABEB89D0>, <minium.miniprogram.base_driver.element.FormElement object at 0x0000023BABEB9CC0>, <minium.miniprogram.base_driver.element.BaseElement object at 0x0000023BABEBA080>, <minium.miniprogram.base_driver.element.FormElement object at 0x0000023BABEB9B10>, <minium.miniprogram.base_driver.element.BaseElement object at 0x0000023BABEBA2C0>, <minium.miniprogram.base_driver.element.FormElement object at 0x0000023BABEBA200>]
INFO  2022-07-27 19:02:25,477 page.py    _get_elements_by_css 467 try to get elements: .van-field__control
INFO  2022-07-27 19:02:26,488 page.py    _get_elements_by_css 474 find elements success: [<minium.miniprogram.base_driver.element.BaseElement object at 0x0000023BABEB9F00>, <minium.miniprogram.base_driver.element.FormElement object at 0x0000023BABEB9D80>, <minium.miniprogram.base_driver.element.BaseElement object at 0x0000023BABEB9A80>, <minium.miniprogram.base_driver.element.FormElement object at 0x0000023BABEB86A0>, <minium.miniprogram.base_driver.element.BaseElement object at 0x0000023BABEB89A0>, <minium.miniprogram.base_driver.element.FormElement object at 0x0000023BABEB9C90>, <minium.miniprogram.base_driver.element.BaseElement object at 0x0000023BABEB8190>, <minium.miniprogram.base_driver.element.FormElement object at 0x0000023BABEB99C0>, <minium.miniprogram.base_driver.element.BaseElement object at 0x0000023BABEB9E40>, <minium.miniprogram.base_driver.element.FormElement object at 0x0000023BABEB8880>]
INFO  2022-07-27 19:02:26,490 page.py    _get_elements_by_css 467 try to get elements: .van-field__control
INFO  2022-07-27 19:02:27,513 page.py    _get_elements_by_css 474 find elements success: [<minium.miniprogram.base_driver.element.BaseElement object at 0x0000023BABEBA230>, <minium.miniprogram.base_driver.element.FormElement object at 0x0000023BABEB8760>, <minium.miniprogram.base_driver.element.BaseElement object at 0x0000023BABEB9A20>, <minium.miniprogram.base_driver.element.FormElement object at 0x0000023BABEB9A50>, <minium.miniprogram.base_driver.element.BaseElement object at 0x0000023BABEBA200>, <minium.miniprogram.base_driver.element.FormElement object at 0x0000023BABEB9570>, <minium.miniprogram.base_driver.element.BaseElement object at 0x0000023BABEB8B50>, <minium.miniprogram.base_driver.element.FormElement object at 0x0000023BABEB9E70>, <minium.miniprogram.base_driver.element.BaseElement object at 0x0000023BABEB95D0>, <minium.miniprogram.base_driver.element.FormElement object at 0x0000023BABEB9DB0>]
INFO  2022-07-27 19:02:27,514 page.py    _get_elements_by_css 467 try to get elements: .van-field__control
INFO  2022-07-27 19:02:28,528 page.py    _get_elements_by_css 474 find elements success: [<minium.miniprogram.base_driver.element.BaseElement object at 0x0000023BABEB99C0>, <minium.miniprogram.base_driver.element.FormElement object at 0x0000023BABEB88E0>, <minium.miniprogram.base_driver.element.BaseElement object at 0x0000023BABEB9DE0>, <minium.miniprogram.base_driver.element.FormElement object at 0x0000023BABEB8C40>, <minium.miniprogram.base_driver.element.BaseElement object at 0x0000023BABEB9AB0>, <minium.miniprogram.base_driver.element.FormElement object at 0x0000023BABEB9630>, <minium.miniprogram.base_driver.element.BaseElement object at 0x0000023BABEB9690>, <minium.miniprogram.base_driver.element.FormElement object at 0x0000023BABEB8790>, <minium.miniprogram.base_driver.element.BaseElement object at 0x0000023BABEB9D50>, <minium.miniprogram.base_driver.element.FormElement object at 0x0000023BABEBA320>]
INFO  2022-07-27 19:02:28,876 app.py     _on_route_changed 443 Route changed, {'name': 'onAppRouteDone', 'args': [{'webviewId': 12, 'path': 'pages/product/index', 'query': {}, 'openType': 'navigateTo'}, 1658919748847]}
INFO  2022-07-27 19:02:30,636 page.py    _get_elements_by_css 467 try to get elements: .name
WARNI 2022-07-27 19:02:31,650 page.py    _get_elements_by_css 472 Could not found any element '.name' you need
INFO  2022-07-27 19:02:31,914 page.py    _get_elements_by_css 467 try to get elements: .name
WARNI 2022-07-27 19:02:32,925 page.py    _get_elements_by_css 472 Could not found any element '.name' you need
INFO  2022-07-27 19:02:33,190 page.py    _get_elements_by_css 467 try to get elements: .name
WARNI 2022-07-27 19:02:34,200 page.py    _get_elements_by_css 472 Could not found any element '.name' you need
INFO  2022-07-27 19:02:34,468 page.py    _get_elements_by_css 467 try to get elements: .name
WARNI 2022-07-27 19:02:35,483 page.py    _get_elements_by_css 472 Could not found any element '.name' you need
INFO  2022-07-27 19:02:35,750 page.py    _get_elements_by_css 467 try to get elements: .name
WARNI 2022-07-27 19:02:36,764 page.py    _get_elements_by_css 472 Could not found any element '.name' you need
INFO  2022-07-27 19:02:37,029 page.py    _get_elements_by_css 467 try to get elements: .name
WARNI 2022-07-27 19:02:38,042 page.py    _get_elements_by_css 472 Could not found any element '.name' you need
INFO  2022-07-27 19:02:38,308 page.py    _get_elements_by_css 467 try to get elements: .name
WARNI 2022-07-27 19:02:39,320 page.py    _get_elements_by_css 472 Could not found any element '.name' you need
INFO  2022-07-27 19:02:39,584 page.py    _get_elements_by_css 467 try to get elements: .name
WARNI 2022-07-27 19:02:40,600 page.py    _get_elements_by_css 472 Could not found any element '.name' you need
INFO  2022-07-27 19:02:40,863 page.py    _get_elements_by_css 467 try to get elements: .name
WARNI 2022-07-27 19:02:41,878 page.py    _get_elements_by_css 472 Could not found any element '.name' you need
INFO  2022-07-27 19:02:42,142 page.py    _get_elements_by_css 467 try to get elements: .name
WARNI 2022-07-27 19:02:43,157 page.py    _get_elements_by_css 472 Could not found any element '.name' you need
INFO  2022-07-27 19:02:43,422 page.py    _get_elements_by_css 467 try to get elements: .name
WARNI 2022-07-27 19:02:44,437 page.py    _get_elements_by_css 472 Could not found any element '.name' you need
INFO  2022-07-27 19:02:44,699 page.py    _get_elements_by_css 467 try to get elements: .name
WARNI 2022-07-27 19:02:45,716 page.py    _get_elements_by_css 472 Could not found any element '.name' you need
INFO  2022-07-27 19:02:45,980 page.py    _get_elements_by_css 467 try to get elements: .name
WARNI 2022-07-27 19:02:46,988 page.py    _get_elements_by_css 472 Could not found any element '.name' you need
INFO  2022-07-27 19:02:47,250 page.py    _get_elements_by_css 467 try to get elements: .name
WARNI 2022-07-27 19:02:48,263 page.py    _get_elements_by_css 472 Could not found any element '.name' you need
INFO  2022-07-27 19:02:48,528 page.py    _get_elements_by_css 467 try to get elements: .name
WARNI 2022-07-27 19:02:49,546 page.py    _get_elements_by_css 472 Could not found any element '.name' you need
INFO  2022-07-27 19:02:49,808 page.py    _get_elements_by_css 467 try to get elements: .name
WARNI 2022-07-27 19:02:50,818 page.py    _get_elements_by_css 472 Could not found any element '.name' you need
INFO  2022-07-27 19:02:51,084 page.py    _get_elements_by_css 467 try to get elements: .name
WARNI 2022-07-27 19:02:52,111 page.py    _get_elements_by_css 472 Could not found any element '.name' you need
INFO  2022-07-27 19:02:53,124 page.py    _get_elements_by_css 467 try to get elements: .name
WARNI 2022-07-27 19:02:54,137 page.py    _get_elements_by_css 472 Could not found any element '.name' you need
INFO  2022-07-27 19:02:54,140 basenative.py wrapper         22  call BaseNative.get_start_up
INFO  2022-07-27 19:02:54,145 basenative.py wrapper         26  call BaseNative.get_start_up end
INFO  2022-07-27 19:02:54,150 minitest.py capture         523 capture teardown.png
INFO  2022-07-27 19:02:54,153 basenative.py wrapper         22  call IdeNative.screen_shot
INFO  2022-07-27 19:02:54,241 basenative.py wrapper         26  call IdeNative.screen_shot end
ERROR 2022-07-27 19:02:54,253 assertbase.py _teardown_collect 271 <bound method TestOrder.test_01_add_order of <case.test_order.TestOrder testMethod=test_01_add_order>>
Traceback (most recent call last):
  File "E:\PycharmProjects\hj_xcx\base\basepage.py", line 63, in click
    self.locator(loc, inner_text=inner_text).click()
  File "E:\PycharmProjects\hj_xcx\base\basepage.py", line 45, in locator
    return self.page.get_element(loc,inner_text=inner_text)
  File "e:\software\python\lib\site-packages\minium\miniprogram\base_driver\minium_log.py", line 135, in wrapper
    result = func(*args, **kwargs)
  File "e:\software\python\lib\site-packages\minium\miniprogram\base_driver\page.py", line 216, in get_element
    raise MiniElementNotFoundError("element[%s] not found" % selector)
minium.framework.exception.MiniElementNotFoundError: element[.name] not found

During handling of the above exception, another exception occurred:

Traceback (most recent call last):
  File "e:\software\python\lib\site-packages\minium\framework\libs\unittest\case.py", line 29, in testPartExecutor
    yield
  File "e:\software\python\lib\site-packages\minium\framework\libs\unittest\case.py", line 110, in run
    self._callTestMethod(testMethod)
  File "e:\software\python\lib\unittest\case.py", line 549, in _callTestMethod
    method()
  File "E:\PycharmProjects\hj_xcx\case\test_order.py", line 45, in test_01_add_order
    OrderPage(self.page).click_zjcollege()
  File "E:\PycharmProjects\hj_xcx\page\order_page.py", line 94, in click_zjcollege
    self.click(self.order_orglist_loc,inner_text="浙江大学校医院(紫金港校区分院)")
  File "E:\PycharmProjects\hj_xcx\base\basepage.py", line 65, in click
    self.locator_appoint_ele(loc, index).click()
  File "E:\PycharmProjects\hj_xcx\base\basepage.py", line 50, in locator_appoint_ele
    return ele[n]
TypeError: list indices must be integers or slices, not NoneType
