INFO  2022-07-27 19:02:54,259 minitest.py _miniSetUp      241 =========Current case: test_02_pre_arrive=========
INFO  2022-07-27 19:02:54,260 minitest.py _miniSetUp      242 package info: E:.PycharmProjects.hj_xcx.case.test_order, case info: TestOrder.test_02_pre_arrive
INFO  2022-07-27 19:02:54,261 basenative.py wrapper         22  call BaseNative.back_to_miniprogram
INFO  2022-07-27 19:02:54,261 basenative.py back_to_miniprogram 476 try back_to_miniprogram 3
INFO  2022-07-27 19:02:54,262 basenative.py wrapper         26  call BaseNative.back_to_miniprogram end
INFO  2022-07-27 19:02:54,263 app.py     relaunch        297 ReLaunch: /pages/loadPage/index
WARNI 2022-07-27 19:02:59,306 app.py     relaunch        300 ReLaunch(/pages/loadPage/index) but(/pages/product/index)
INFO  2022-07-27 19:02:59,313 minitest.py capture         523 capture setup.png
INFO  2022-07-27 19:02:59,315 basenative.py wrapper         22  call IdeNative.screen_shot
INFO  2022-07-27 19:03:21,034 app.py     _on_route_changed 443 Route changed, {'name': 'onAppRouteDone', 'args': [{'webviewId': 14, 'path': 'pages/home/index', 'query': {}, 'openType': 'reLaunch'}, 1658919801000]}
INFO  2022-07-27 19:03:21,091 basenative.py wrapper         26  call IdeNative.screen_shot end
INFO  2022-07-27 19:03:23,028 app.py     _on_route_changed 443 Route changed, {'name': 'onAppRouteDone', 'args': [{'webviewId': 15, 'path': 'pages/personal/index', 'query': {}, 'openType': 'reLaunch'}, 1658919803001]}
INFO  2022-07-27 19:03:24,014 app.py     _on_route_changed 443 Route changed, {'name': 'onAppRouteDone', 'args': [{'webviewId': 16, 'path': 'pages/makeAnAppointment/index', 'query': {}, 'openType': 'navigateTo'}, 1658919803985]}
INFO  2022-07-27 19:03:25,416 app.py     _on_route_changed 443 Route changed, {'name': 'onAppRouteDone', 'args': [{'webviewId': 17, 'path': 'pages/submitAppointment/index', 'query': {}, 'openType': 'navigateTo'}, 1658919805387]}
INFO  2022-07-27 19:03:26,099 page.py    _get_elements_by_css 467 try to get elements: .van-icon-user-circle-o
WARNI 2022-07-27 19:03:27,112 page.py    _get_elements_by_css 472 Could not found any element '.van-icon-user-circle-o' you need
INFO  2022-07-27 19:03:27,377 page.py    _get_elements_by_css 467 try to get elements: .van-icon-user-circle-o
WARNI 2022-07-27 19:03:28,392 page.py    _get_elements_by_css 472 Could not found any element '.van-icon-user-circle-o' you need
INFO  2022-07-27 19:03:28,657 page.py    _get_elements_by_css 467 try to get elements: .van-icon-user-circle-o
WARNI 2022-07-27 19:03:29,670 page.py    _get_elements_by_css 472 Could not found any element '.van-icon-user-circle-o' you need
INFO  2022-07-27 19:03:29,820 app.py     _on_route_changed 443 Route changed, {'name': 'onAppRouteDone', 'args': [{'webviewId': 18, 'path': 'pages/product/index', 'query': {}, 'openType': 'navigateTo'}, 1658919809791]}
INFO  2022-07-27 19:03:29,936 page.py    _get_elements_by_css 467 try to get elements: .van-icon-user-circle-o
WARNI 2022-07-27 19:03:30,966 page.py    _get_elements_by_css 472 Could not found any element '.van-icon-user-circle-o' you need
INFO  2022-07-27 19:03:31,191 app.py     _on_route_changed 443 Route changed, {'name': 'onAppRouteDone', 'args': [{'webviewId': 17, 'path': 'pages/submitAppointment/index', 'query': {}, 'openType': 'navigateBack'}, 1658919811176]}
INFO  2022-07-27 19:03:31,229 page.py    _get_elements_by_css 467 try to get elements: .van-icon-user-circle-o
WARNI 2022-07-27 19:03:32,244 page.py    _get_elements_by_css 472 Could not found any element '.van-icon-user-circle-o' you need
INFO  2022-07-27 19:03:32,488 app.py     _on_route_changed 443 Route changed, {'name': 'onAppRouteDone', 'args': [{'webviewId': 19, 'path': 'pages/offlineSamplingManagement/index', 'query': {'data': '%7B%22id%22%3A15%2C%22type%22%3Atrue%7D'}, 'openType': 'navigateTo'}, 1658919812462]}
INFO  2022-07-27 19:03:32,506 page.py    _get_elements_by_css 467 try to get elements: .van-icon-user-circle-o
WARNI 2022-07-27 19:03:33,524 page.py    _get_elements_by_css 472 Could not found any element '.van-icon-user-circle-o' you need
INFO  2022-07-27 19:03:33,787 page.py    _get_elements_by_css 467 try to get elements: .van-icon-user-circle-o
INFO  2022-07-27 19:03:34,546 app.py     _on_route_changed 443 Route changed, {'name': 'onAppRouteDone', 'args': [{'webviewId': 17, 'path': 'pages/submitAppointment/index', 'query': {}, 'openType': 'navigateBack'}, 1658919814530]}
WARNI 2022-07-27 19:03:34,805 page.py    _get_elements_by_css 472 Could not found any element '.van-icon-user-circle-o' you need
INFO  2022-07-27 19:03:35,055 page.py    _get_elements_by_css 467 try to get elements: .van-icon-user-circle-o
WARNI 2022-07-27 19:03:36,068 page.py    _get_elements_by_css 472 Could not found any element '.van-icon-user-circle-o' you need
INFO  2022-07-27 19:03:36,333 page.py    _get_elements_by_css 467 try to get elements: .van-icon-user-circle-o
WARNI 2022-07-27 19:03:37,347 page.py    _get_elements_by_css 472 Could not found any element '.van-icon-user-circle-o' you need
INFO  2022-07-27 19:03:37,598 page.py    _get_elements_by_css 467 try to get elements: .van-icon-user-circle-o
WARNI 2022-07-27 19:03:38,611 page.py    _get_elements_by_css 472 Could not found any element '.van-icon-user-circle-o' you need
INFO  2022-07-27 19:03:38,876 page.py    _get_elements_by_css 467 try to get elements: .van-icon-user-circle-o
WARNI 2022-07-27 19:03:39,893 page.py    _get_elements_by_css 472 Could not found any element '.van-icon-user-circle-o' you need
INFO  2022-07-27 19:03:40,157 page.py    _get_elements_by_css 467 try to get elements: .van-icon-user-circle-o
WARNI 2022-07-27 19:03:41,175 page.py    _get_elements_by_css 472 Could not found any element '.van-icon-user-circle-o' you need
INFO  2022-07-27 19:03:41,426 page.py    _get_elements_by_css 467 try to get elements: .van-icon-user-circle-o
WARNI 2022-07-27 19:03:42,436 page.py    _get_elements_by_css 472 Could not found any element '.van-icon-user-circle-o' you need
INFO  2022-07-27 19:03:42,689 page.py    _get_elements_by_css 467 try to get elements: .van-icon-user-circle-o
WARNI 2022-07-27 19:03:43,703 page.py    _get_elements_by_css 472 Could not found any element '.van-icon-user-circle-o' you need
INFO  2022-07-27 19:03:43,968 page.py    _get_elements_by_css 467 try to get elements: .van-icon-user-circle-o
INFO  2022-07-27 19:03:44,650 app.py     _on_route_changed 443 Route changed, {'name': 'onAppRouteDone', 'args': [{'webviewId': 20, 'path': 'pages/offlineSamplingManagement/index', 'query': {'data': '%7B%22id%22%3A15%2C%22type%22%3Atrue%7D'}, 'openType': 'navigateTo'}, 1658919824622]}
WARNI 2022-07-27 19:03:44,986 page.py    _get_elements_by_css 472 Could not found any element '.van-icon-user-circle-o' you need
INFO  2022-07-27 19:03:45,250 page.py    _get_elements_by_css 467 try to get elements: .van-icon-user-circle-o
WARNI 2022-07-27 19:03:46,265 page.py    _get_elements_by_css 472 Could not found any element '.van-icon-user-circle-o' you need
INFO  2022-07-27 19:03:46,527 page.py    _get_elements_by_css 467 try to get elements: .van-icon-user-circle-o
WARNI 2022-07-27 19:03:47,544 page.py    _get_elements_by_css 472 Could not found any element '.van-icon-user-circle-o' you need
INFO  2022-07-27 19:03:47,545 page.py    _get_elements_by_css 467 try to get elements: .van-icon-user-circle-o
WARNI 2022-07-27 19:03:48,552 page.py    _get_elements_by_css 472 Could not found any element '.van-icon-user-circle-o' you need
INFO  2022-07-27 19:03:48,553 basenative.py wrapper         22  call BaseNative.get_start_up
INFO  2022-07-27 19:03:48,556 basenative.py wrapper         26  call BaseNative.get_start_up end
INFO  2022-07-27 19:03:48,558 minitest.py capture         523 capture teardown.png
INFO  2022-07-27 19:03:48,559 basenative.py wrapper         22  call IdeNative.screen_shot
INFO  2022-07-27 19:03:48,630 basenative.py wrapper         26  call IdeNative.screen_shot end
ERROR 2022-07-27 19:03:48,643 assertbase.py _teardown_collect 271 <bound method TestOrder.test_02_pre_arrive of <case.test_order.TestOrder testMethod=test_02_pre_arrive>>
Traceback (most recent call last):
  File "E:\PycharmProjects\hj_xcx\base\basepage.py", line 63, in click
    self.locator(loc, inner_text=inner_text).click()
  File "E:\PycharmProjects\hj_xcx\base\basepage.py", line 45, in locator
    return self.page.get_element(loc,inner_text=inner_text)
  File "e:\software\python\lib\site-packages\minium\miniprogram\base_driver\minium_log.py", line 135, in wrapper
    result = func(*args, **kwargs)
  File "e:\software\python\lib\site-packages\minium\miniprogram\base_driver\page.py", line 216, in get_element
    raise MiniElementNotFoundError("element[%s] not found" % selector)
minium.framework.exception.MiniElementNotFoundError: element[.van-icon-user-circle-o] not found

During handling of the above exception, another exception occurred:

Traceback (most recent call last):
  File "e:\software\python\lib\site-packages\minium\framework\libs\unittest\case.py", line 29, in testPartExecutor
    yield
  File "e:\software\python\lib\site-packages\minium\framework\libs\unittest\case.py", line 110, in run
    self._callTestMethod(testMethod)
  File "e:\software\python\lib\unittest\case.py", line 549, in _callTestMethod
    method()
  File "E:\PycharmProjects\hj_xcx\case\test_order.py", line 50, in test_02_pre_arrive
    HomePage(self.page).click_my()
  File "E:\PycharmProjects\hj_xcx\page\home_page.py", line 51, in click_my
    self.click(self.my_loc)
  File "E:\PycharmProjects\hj_xcx\base\basepage.py", line 65, in click
    self.locator_appoint_ele(loc, index).click()
  File "E:\PycharmProjects\hj_xcx\base\basepage.py", line 50, in locator_appoint_ele
    return ele[n]
TypeError: list indices must be integers or slices, not NoneType
