INFO  2022-07-27 18:46:41,589 minitest.py _miniSetUp      241 =========Current case: test_01_add_order=========
INFO  2022-07-27 18:46:41,589 minitest.py _miniSetUp      242 package info: E:.PycharmProjects.hj_xcx.case.test_order, case info: TestOrder.test_01_add_order
INFO  2022-07-27 18:46:41,590 basenative.py wrapper         22  call BaseNative.back_to_miniprogram
INFO  2022-07-27 18:46:41,590 basenative.py back_to_miniprogram 476 try back_to_miniprogram 3
INFO  2022-07-27 18:46:41,590 basenative.py wrapper         26  call BaseNative.back_to_miniprogram end
INFO  2022-07-27 18:46:41,590 app.py     relaunch        297 ReLaunch: /pages/loadPage/index
INFO  2022-07-27 18:46:42,307 app.py     _on_route_changed 443 Route changed, {'name': 'onAppRouteDone', 'args': [{'webviewId': 6, 'path': 'pages/home/index', 'query': {}, 'openType': 'reLaunch'}, 1658918802283]}
WARNI 2022-07-27 18:46:42,307 app.py     relaunch        300 ReLaunch(/pages/loadPage/index) but(/pages/home/index)
INFO  2022-07-27 18:46:42,310 minitest.py capture         523 capture setup.png
INFO  2022-07-27 18:46:42,311 basenative.py wrapper         22  call IdeNative.screen_shot
INFO  2022-07-27 18:46:42,421 basenative.py wrapper         26  call IdeNative.screen_shot end
INFO  2022-07-27 18:46:42,761 app.py     _on_route_changed 443 Route changed, {'name': 'onAppRouteDone', 'args': [{'webviewId': 7, 'path': 'pages/home/index', 'query': {}, 'openType': 'reLaunch'}, 1658918802734]}
INFO  2022-07-27 18:46:47,433 page.py    _get_elements_by_css 467 try to get elements: .van-icon-user-circle-o
INFO  2022-07-27 18:46:48,455 page.py    _get_elements_by_css 474 find elements success: [<minium.miniprogram.base_driver.element.BaseElement object at 0x0000016199CCDE10>]
INFO  2022-07-27 18:46:48,458 page.py    _get_elements_by_css 467 try to get elements: .van-icon-user-circle-o
INFO  2022-07-27 18:46:49,476 page.py    _get_elements_by_css 474 find elements success: [<minium.miniprogram.base_driver.element.BaseElement object at 0x0000016199CCCB80>]
INFO  2022-07-27 18:46:49,478 page.py    _get_elements_by_css 467 try to get elements: .van-icon-user-circle-o
INFO  2022-07-27 18:46:50,492 page.py    _get_elements_by_css 474 find elements success: [<minium.miniprogram.base_driver.element.BaseElement object at 0x0000016199CCDD80>]
INFO  2022-07-27 18:46:50,890 app.py     _on_route_changed 443 Route changed, {'name': 'onAppRouteDone', 'args': [{'webviewId': 8, 'path': 'pages/personal/index', 'query': {}, 'openType': 'reLaunch'}, 1658918810860]}
INFO  2022-07-27 18:46:51,573 page.py    _get_elements_by_css 467 try to get elements: .gridText
INFO  2022-07-27 18:46:52,584 page.py    _get_elements_by_css 474 find elements success: [<minium.miniprogram.base_driver.element.BaseElement object at 0x0000016199CCCA30>, <minium.miniprogram.base_driver.element.BaseElement object at 0x0000016199CCD9C0>, <minium.miniprogram.base_driver.element.BaseElement object at 0x0000016199CCD6F0>, <minium.miniprogram.base_driver.element.BaseElement object at 0x0000016199CCD5A0>, <minium.miniprogram.base_driver.element.BaseElement object at 0x0000016199CCC460>, <minium.miniprogram.base_driver.element.BaseElement object at 0x0000016199CCC970>, <minium.miniprogram.base_driver.element.BaseElement object at 0x0000016199CCD990>, <minium.miniprogram.base_driver.element.BaseElement object at 0x0000016199CCDDB0>]
INFO  2022-07-27 18:46:52,588 page.py    _get_elements_by_css 467 try to get elements: .gridText
INFO  2022-07-27 18:46:53,614 page.py    _get_elements_by_css 474 find elements success: [<minium.miniprogram.base_driver.element.BaseElement object at 0x0000016199CCDCF0>, <minium.miniprogram.base_driver.element.BaseElement object at 0x0000016199CCCC10>, <minium.miniprogram.base_driver.element.BaseElement object at 0x0000016199CCC9D0>, <minium.miniprogram.base_driver.element.BaseElement object at 0x0000016199CCC940>, <minium.miniprogram.base_driver.element.BaseElement object at 0x0000016199CCDB40>, <minium.miniprogram.base_driver.element.BaseElement object at 0x0000016199CCC5E0>, <minium.miniprogram.base_driver.element.BaseElement object at 0x0000016199CCDB70>, <minium.miniprogram.base_driver.element.BaseElement object at 0x0000016199CCD6C0>]
INFO  2022-07-27 18:46:53,615 page.py    _get_elements_by_css 467 try to get elements: .gridText
INFO  2022-07-27 18:46:54,625 page.py    _get_elements_by_css 474 find elements success: [<minium.miniprogram.base_driver.element.BaseElement object at 0x0000016199CCD5A0>, <minium.miniprogram.base_driver.element.BaseElement object at 0x0000016199CCC8E0>, <minium.miniprogram.base_driver.element.BaseElement object at 0x0000016199CCDD20>, <minium.miniprogram.base_driver.element.BaseElement object at 0x0000016199CCDC00>, <minium.miniprogram.base_driver.element.BaseElement object at 0x0000016199CCDF90>, <minium.miniprogram.base_driver.element.BaseElement object at 0x0000016199CCE050>, <minium.miniprogram.base_driver.element.BaseElement object at 0x0000016199CCE1D0>, <minium.miniprogram.base_driver.element.BaseElement object at 0x0000016199CCD9F0>]
INFO  2022-07-27 18:46:55,989 app.py     _on_route_changed 443 Route changed, {'name': 'onAppRouteDone', 'args': [{'webviewId': 9, 'path': 'pages/makeAnAppointment/index', 'query': {}, 'openType': 'navigateTo'}, 1658918815964]}
INFO  2022-07-27 18:46:56,715 page.py    _get_elements_by_css 467 try to get elements: .van-button--normal
INFO  2022-07-27 18:46:57,725 page.py    _get_elements_by_css 474 find elements success: [<minium.miniprogram.base_driver.element.BaseElement object at 0x0000016199CCE020>]
INFO  2022-07-27 18:46:57,726 page.py    _get_elements_by_css 467 try to get elements: .van-button--normal
INFO  2022-07-27 18:46:58,738 page.py    _get_elements_by_css 474 find elements success: [<minium.miniprogram.base_driver.element.BaseElement object at 0x0000016199CCE1A0>]
INFO  2022-07-27 18:46:58,740 page.py    _get_elements_by_css 467 try to get elements: .van-button--normal
INFO  2022-07-27 18:46:59,752 page.py    _get_elements_by_css 474 find elements success: [<minium.miniprogram.base_driver.element.BaseElement object at 0x0000016199CCDED0>]
INFO  2022-07-27 18:47:00,245 app.py     _on_route_changed 443 Route changed, {'name': 'onAppRouteDone', 'args': [{'webviewId': 10, 'path': 'pages/submitAppointment/index', 'query': {}, 'openType': 'navigateTo'}, 1658918820219]}
INFO  2022-07-27 18:47:00,860 page.py    _get_elements_by_css 467 try to get elements: .van-field__label
INFO  2022-07-27 18:47:01,871 page.py    _get_elements_by_css 474 find elements success: [<minium.miniprogram.base_driver.element.BaseElement object at 0x0000016199CCCBE0>, <minium.miniprogram.base_driver.element.BaseElement object at 0x0000016199CCDF60>, <minium.miniprogram.base_driver.element.BaseElement object at 0x0000016199CCDF30>, <minium.miniprogram.base_driver.element.BaseElement object at 0x0000016199CCE080>, <minium.miniprogram.base_driver.element.BaseElement object at 0x0000016199CCC9D0>]
INFO  2022-07-27 18:47:01,872 page.py    _get_elements_by_css 467 try to get elements: .van-field__label
INFO  2022-07-27 18:47:02,886 page.py    _get_elements_by_css 474 find elements success: [<minium.miniprogram.base_driver.element.BaseElement object at 0x0000016199CCD9F0>, <minium.miniprogram.base_driver.element.BaseElement object at 0x0000016199CCDAE0>, <minium.miniprogram.base_driver.element.BaseElement object at 0x0000016199CCC070>, <minium.miniprogram.base_driver.element.BaseElement object at 0x0000016199CCDC60>, <minium.miniprogram.base_driver.element.BaseElement object at 0x0000016199CCDB70>]
INFO  2022-07-27 18:47:02,889 page.py    _get_elements_by_css 467 try to get elements: .van-field__label
INFO  2022-07-27 18:47:03,913 page.py    _get_elements_by_css 474 find elements success: [<minium.miniprogram.base_driver.element.BaseElement object at 0x0000016199CCC730>, <minium.miniprogram.base_driver.element.BaseElement object at 0x0000016199CCD5A0>, <minium.miniprogram.base_driver.element.BaseElement object at 0x0000016199CCC9A0>, <minium.miniprogram.base_driver.element.BaseElement object at 0x0000016199CCDAB0>, <minium.miniprogram.base_driver.element.BaseElement object at 0x0000016199CCE170>]
INFO  2022-07-27 18:47:05,256 app.py     _on_route_changed 443 Route changed, {'name': 'onAppRouteDone', 'args': [{'webviewId': 11, 'path': 'pages/product/index', 'query': {}, 'openType': 'navigateTo'}, 1658918825224]}
INFO  2022-07-27 18:47:06,020 page.py    _get_elements_by_css 467 try to get elements: .list
INFO  2022-07-27 18:47:07,032 page.py    _get_elements_by_css 474 find elements success: [<minium.miniprogram.base_driver.element.BaseElement object at 0x0000016199CCD9C0>, <minium.miniprogram.base_driver.element.BaseElement object at 0x0000016199CCC9D0>]
INFO  2022-07-27 18:47:07,034 page.py    _get_elements_by_css 467 try to get elements: .list
INFO  2022-07-27 18:47:08,044 page.py    _get_elements_by_css 474 find elements success: [<minium.miniprogram.base_driver.element.BaseElement object at 0x0000016199CCCB50>, <minium.miniprogram.base_driver.element.BaseElement object at 0x0000016199CCE1D0>]
INFO  2022-07-27 18:47:08,047 page.py    _get_elements_by_css 467 try to get elements: .list
INFO  2022-07-27 18:47:09,064 page.py    _get_elements_by_css 474 find elements success: [<minium.miniprogram.base_driver.element.BaseElement object at 0x0000016199CCD420>, <minium.miniprogram.base_driver.element.BaseElement object at 0x0000016199CCDA50>]
INFO  2022-07-27 18:47:10,343 app.py     _on_route_changed 443 Route changed, {'name': 'onAppRouteDone', 'args': [{'webviewId': 10, 'path': 'pages/submitAppointment/index', 'query': {}, 'openType': 'navigateBack'}, 1658918830332]}
INFO  2022-07-27 18:47:11,140 page.py    _get_elements_by_css 467 try to get elements: .van-field__control
INFO  2022-07-27 18:47:12,170 page.py    _get_elements_by_css 474 find elements success: [<minium.miniprogram.base_driver.element.BaseElement object at 0x0000016199CCC2B0>, <minium.miniprogram.base_driver.element.FormElement object at 0x0000016199CCC820>, <minium.miniprogram.base_driver.element.BaseElement object at 0x0000016199CCC070>, <minium.miniprogram.base_driver.element.FormElement object at 0x0000016199CCE170>, <minium.miniprogram.base_driver.element.BaseElement object at 0x0000016199CCCBB0>, <minium.miniprogram.base_driver.element.FormElement object at 0x0000016199CCDB10>, <minium.miniprogram.base_driver.element.BaseElement object at 0x0000016199CCDDE0>, <minium.miniprogram.base_driver.element.FormElement object at 0x0000016199CCDB70>, <minium.miniprogram.base_driver.element.BaseElement object at 0x0000016199CCCA90>, <minium.miniprogram.base_driver.element.FormElement object at 0x0000016199CCDE40>]
INFO  2022-07-27 18:47:12,174 page.py    _get_elements_by_css 467 try to get elements: .van-field__control
INFO  2022-07-27 18:47:13,200 page.py    _get_elements_by_css 474 find elements success: [<minium.miniprogram.base_driver.element.BaseElement object at 0x0000016199CCC160>, <minium.miniprogram.base_driver.element.FormElement object at 0x0000016199CCDE10>, <minium.miniprogram.base_driver.element.BaseElement object at 0x0000016199CCD630>, <minium.miniprogram.base_driver.element.FormElement object at 0x0000016199CCD9F0>, <minium.miniprogram.base_driver.element.BaseElement object at 0x0000016199CCDCF0>, <minium.miniprogram.base_driver.element.FormElement object at 0x0000016199CCDF60>, <minium.miniprogram.base_driver.element.BaseElement object at 0x0000016199CCDD50>, <minium.miniprogram.base_driver.element.FormElement object at 0x0000016199CCC700>, <minium.miniprogram.base_driver.element.BaseElement object at 0x0000016199CCDA80>, <minium.miniprogram.base_driver.element.FormElement object at 0x0000016199CCE0B0>]
INFO  2022-07-27 18:47:13,203 page.py    _get_elements_by_css 467 try to get elements: .van-field__control
INFO  2022-07-27 18:47:14,214 page.py    _get_elements_by_css 474 find elements success: [<minium.miniprogram.base_driver.element.BaseElement object at 0x0000016199CCDB70>, <minium.miniprogram.base_driver.element.FormElement object at 0x0000016199CCC970>, <minium.miniprogram.base_driver.element.BaseElement object at 0x0000016199CCE200>, <minium.miniprogram.base_driver.element.FormElement object at 0x0000016199CCDAE0>, <minium.miniprogram.base_driver.element.BaseElement object at 0x0000016199CCD690>, <minium.miniprogram.base_driver.element.FormElement object at 0x0000016199CCD8D0>, <minium.miniprogram.base_driver.element.BaseElement object at 0x0000016199CCCC40>, <minium.miniprogram.base_driver.element.FormElement object at 0x0000016199CCD960>, <minium.miniprogram.base_driver.element.BaseElement object at 0x0000016199CCE2C0>, <minium.miniprogram.base_driver.element.FormElement object at 0x0000016199CCC9A0>]
INFO  2022-07-27 18:47:14,232 page.py    _get_elements_by_css 467 try to get elements: .van-field__control
INFO  2022-07-27 18:47:15,257 page.py    _get_elements_by_css 474 find elements success: [<minium.miniprogram.base_driver.element.BaseElement object at 0x0000016199CCCBB0>, <minium.miniprogram.base_driver.element.FormElement object at 0x0000016199CCDDE0>, <minium.miniprogram.base_driver.element.BaseElement object at 0x0000016199CCC9D0>, <minium.miniprogram.base_driver.element.FormElement object at 0x0000016199CCD5D0>, <minium.miniprogram.base_driver.element.BaseElement object at 0x0000016199CCE170>, <minium.miniprogram.base_driver.element.FormElement object at 0x0000016199CCD9C0>, <minium.miniprogram.base_driver.element.BaseElement object at 0x0000016199CCDD20>, <minium.miniprogram.base_driver.element.FormElement object at 0x0000016199CCC940>, <minium.miniprogram.base_driver.element.BaseElement object at 0x0000016199CCCA30>, <minium.miniprogram.base_driver.element.FormElement object at 0x0000016199CCC7F0>]
INFO  2022-07-27 18:47:15,261 page.py    _get_elements_by_css 467 try to get elements: .van-field__control
INFO  2022-07-27 18:47:16,298 page.py    _get_elements_by_css 474 find elements success: [<minium.miniprogram.base_driver.element.BaseElement object at 0x0000016199CCE140>, <minium.miniprogram.base_driver.element.FormElement object at 0x0000016199CCDB10>, <minium.miniprogram.base_driver.element.BaseElement object at 0x0000016199CCD5A0>, <minium.miniprogram.base_driver.element.FormElement object at 0x0000016199CCD630>, <minium.miniprogram.base_driver.element.BaseElement object at 0x0000016199CCE020>, <minium.miniprogram.base_driver.element.FormElement object at 0x0000016199CCC2B0>, <minium.miniprogram.base_driver.element.BaseElement object at 0x0000016199CCDA50>, <minium.miniprogram.base_driver.element.FormElement object at 0x0000016199CCCC10>, <minium.miniprogram.base_driver.element.BaseElement object at 0x0000016199CCD420>, <minium.miniprogram.base_driver.element.FormElement object at 0x0000016199CCC5E0>]
INFO  2022-07-27 18:47:16,302 page.py    _get_elements_by_css 467 try to get elements: .van-field__control
INFO  2022-07-27 18:47:17,329 page.py    _get_elements_by_css 474 find elements success: [<minium.miniprogram.base_driver.element.BaseElement object at 0x0000016199CCC940>, <minium.miniprogram.base_driver.element.FormElement object at 0x0000016199CCCB80>, <minium.miniprogram.base_driver.element.BaseElement object at 0x0000016199CCCCA0>, <minium.miniprogram.base_driver.element.FormElement object at 0x0000016199CCCC70>, <minium.miniprogram.base_driver.element.BaseElement object at 0x0000016199CCDD80>, <minium.miniprogram.base_driver.element.FormElement object at 0x0000016199CCC070>, <minium.miniprogram.base_driver.element.BaseElement object at 0x0000016199CCD6F0>, <minium.miniprogram.base_driver.element.FormElement object at 0x0000016199CCC730>, <minium.miniprogram.base_driver.element.BaseElement object at 0x0000016199CCE320>, <minium.miniprogram.base_driver.element.FormElement object at 0x0000016199CCE260>]
INFO  2022-07-27 18:47:17,336 page.py    _get_elements_by_css 467 try to get elements: .van-field__control
INFO  2022-07-27 18:47:18,345 page.py    _get_elements_by_css 474 find elements success: [<minium.miniprogram.base_driver.element.BaseElement object at 0x0000016199CCE170>, <minium.miniprogram.base_driver.element.FormElement object at 0x0000016199CCDD20>, <minium.miniprogram.base_driver.element.BaseElement object at 0x0000016199CCC700>, <minium.miniprogram.base_driver.element.FormElement object at 0x0000016199CCE2C0>, <minium.miniprogram.base_driver.element.BaseElement object at 0x0000016199CCD5D0>, <minium.miniprogram.base_driver.element.FormElement object at 0x0000016199CCDEA0>, <minium.miniprogram.base_driver.element.BaseElement object at 0x0000016199CCDD50>, <minium.miniprogram.base_driver.element.FormElement object at 0x0000016199CCCC40>, <minium.miniprogram.base_driver.element.BaseElement object at 0x0000016199CCE2F0>, <minium.miniprogram.base_driver.element.FormElement object at 0x0000016199CCD510>]
INFO  2022-07-27 18:47:18,348 page.py    _get_elements_by_css 467 try to get elements: .van-field__control
INFO  2022-07-27 18:47:19,370 page.py    _get_elements_by_css 474 find elements success: [<minium.miniprogram.base_driver.element.BaseElement object at 0x0000016199CCE290>, <minium.miniprogram.base_driver.element.FormElement object at 0x0000016199CCD9C0>, <minium.miniprogram.base_driver.element.BaseElement object at 0x0000016199CCDE40>, <minium.miniprogram.base_driver.element.FormElement object at 0x0000016199CCDA50>, <minium.miniprogram.base_driver.element.BaseElement object at 0x0000016199CCE260>, <minium.miniprogram.base_driver.element.FormElement object at 0x0000016199CCD9F0>, <minium.miniprogram.base_driver.element.BaseElement object at 0x0000016199CCCBE0>, <minium.miniprogram.base_driver.element.FormElement object at 0x0000016199CCDF90>, <minium.miniprogram.base_driver.element.BaseElement object at 0x0000016199CCC160>, <minium.miniprogram.base_driver.element.FormElement object at 0x0000016199CCC880>]
INFO  2022-07-27 18:47:19,373 page.py    _get_elements_by_css 467 try to get elements: .van-field__control
INFO  2022-07-27 18:47:20,384 page.py    _get_elements_by_css 474 find elements success: [<minium.miniprogram.base_driver.element.BaseElement object at 0x0000016199CCDEA0>, <minium.miniprogram.base_driver.element.FormElement object at 0x0000016199CCCA90>, <minium.miniprogram.base_driver.element.BaseElement object at 0x0000016199CCD8D0>, <minium.miniprogram.base_driver.element.FormElement object at 0x0000016199CCD870>, <minium.miniprogram.base_driver.element.BaseElement object at 0x0000016199CCDF60>, <minium.miniprogram.base_driver.element.FormElement object at 0x0000016199CCC790>, <minium.miniprogram.base_driver.element.BaseElement object at 0x0000016199CCE380>, <minium.miniprogram.base_driver.element.FormElement object at 0x0000016199CCDAB0>, <minium.miniprogram.base_driver.element.BaseElement object at 0x0000016199CCD600>, <minium.miniprogram.base_driver.element.FormElement object at 0x0000016199CCE1D0>]
INFO  2022-07-27 18:47:21,445 page.py    _get_elements_by_css 467 try to get elements: .van-field__control
INFO  2022-07-27 18:47:22,475 page.py    _get_elements_by_css 474 find elements success: [<minium.miniprogram.base_driver.element.BaseElement object at 0x0000016199CCD8D0>, <minium.miniprogram.base_driver.element.FormElement object at 0x0000016199CCC520>, <minium.miniprogram.base_driver.element.BaseElement object at 0x0000016199CCE020>, <minium.miniprogram.base_driver.element.FormElement object at 0x0000016199CCE350>, <minium.miniprogram.base_driver.element.BaseElement object at 0x0000016199CCC070>, <minium.miniprogram.base_driver.element.FormElement object at 0x0000016199CCE140>, <minium.miniprogram.base_driver.element.BaseElement object at 0x0000016199CCC700>, <minium.miniprogram.base_driver.element.FormElement object at 0x0000016199CCDC60>, <minium.miniprogram.base_driver.element.BaseElement object at 0x0000016199CCE0B0>, <minium.miniprogram.base_driver.element.FormElement object at 0x0000016199CCDD80>]
INFO  2022-07-27 18:47:22,476 basenative.py wrapper         22  call BaseNative.get_start_up
INFO  2022-07-27 18:47:22,478 basenative.py wrapper         26  call BaseNative.get_start_up end
INFO  2022-07-27 18:47:22,479 minitest.py capture         523 capture teardown.png
INFO  2022-07-27 18:47:22,480 basenative.py wrapper         22  call IdeNative.screen_shot
INFO  2022-07-27 18:47:22,526 basenative.py wrapper         26  call IdeNative.screen_shot end
ERROR 2022-07-27 18:47:22,532 assertbase.py _teardown_collect 271 <bound method TestOrder.test_01_add_order of <case.test_order.TestOrder testMethod=test_01_add_order>>
Traceback (most recent call last):
  File "E:\PycharmProjects\hj_xcx\base\basepage.py", line 63, in click
    self.locator(loc, inner_text=inner_text).click()
  File "E:\PycharmProjects\hj_xcx\base\basepage.py", line 45, in locator
    return self.page.get_element(loc,inner_text=inner_text)
  File "e:\software\python\lib\site-packages\minium\miniprogram\base_driver\minium_log.py", line 135, in wrapper
    result = func(*args, **kwargs)
  File "e:\software\python\lib\site-packages\minium\miniprogram\base_driver\page.py", line 216, in get_element
    raise MiniElementNotFoundError("element[%s] not found" % selector)
minium.framework.exception.MiniElementNotFoundError: element[.van-field__control] not found

During handling of the above exception, another exception occurred:

Traceback (most recent call last):
  File "e:\software\python\lib\site-packages\minium\framework\libs\unittest\case.py", line 29, in testPartExecutor
    yield
  File "e:\software\python\lib\site-packages\minium\framework\libs\unittest\case.py", line 110, in run
    self._callTestMethod(testMethod)
  File "e:\software\python\lib\unittest\case.py", line 549, in _callTestMethod
    method()
  File "E:\PycharmProjects\hj_xcx\case\test_order.py", line 44, in test_01_add_order
    OrderPage(self.page).click_order_org()
  File "E:\PycharmProjects\hj_xcx\page\order_page.py", line 89, in click_order_org
    self.click(self.order_org_loc,8)
  File "E:\PycharmProjects\hj_xcx\base\basepage.py", line 65, in click
    self.locator_appoint_ele(loc, index).click()
  File "E:\PycharmProjects\hj_xcx\base\basepage.py", line 50, in locator_appoint_ele
    return ele[n]
TypeError: list indices must be integers or slices, not NoneType
